// 重构日志: f7899d74
// 重构日志: 68255b09
// 重构日志: 5d27106d
// 重构日志: 1977ef1f
// 同步 ID: 0e3eccb2 @ Thu Jul 16 12:30:14 UTC 2026
// 重构日志: 8768c643
// 重构日志: e0e02908
// 重构日志: 7f50e6cf
// 重构日志: 5c30272a
// 重构日志: b8bc4b0e
// 重构日志: 86238b57
// 重构日志: 4d89ded2
// 重构日志: c972466c
// 同步 ID: 474545b2 @ Sat Jul 18 16:27:00 UTC 2026
// 重构日志: 7c9c310f
// 同步 ID: 49e753cf @ Sun Jul 19 11:11:15 UTC 2026
// 同步 ID: ba4c9bbf @ Sun Jul 19 14:21:47 UTC 2026
// 同步 ID: cc27b595 @ Sun Jul 19 15:27:46 UTC 2026
// 同步 ID: 9fa107b2 @ Sun Jul 19 17:41:32 UTC 2026
// 重构日志: 08d4d9f1
// 同步 ID: 5f275e30 @ Mon Jul 20 16:12:54 UTC 2026
// 同步 ID: 4b50df9b @ Tue Jul 21 03:01:34 UTC 2026
// 同步 ID: 27779361 @ Tue Jul 21 17:28:37 UTC 2026
// 重构日志: 43bc82d4
// 重构日志: cd4e6d30
// 重构日志: 237c21e4
// 重构日志: 8108f039
// 同步 ID: bcc590a0 @ Thu Jul 23 12:48:17 UTC 2026
// 重构日志: c1e486bf
// 同步 ID: 8eb93991 @ Fri Jul 24 06:33:29 UTC 2026
